TN:
SF:src/index.ts
FN:8,(anonymous_0)
FN:9,(anonymous_1)
FN:29,(anonymous_2)
FN:31,(anonymous_3)
FN:36,(anonymous_4)
FN:43,(anonymous_5)
FNF:6
FNH:6
FNDA:4,(anonymous_0)
FNDA:3,(anonymous_1)
FNDA:9,(anonymous_2)
FNDA:9,(anonymous_3)
FNDA:4,(anonymous_4)
FNDA:17,(anonymous_5)
DA:8,1
DA:9,4
DA:10,3
DA:11,2
DA:12,1
DA:13,1
DA:16,4
DA:29,1
DA:30,9
DA:31,9
DA:32,9
DA:33,7
DA:34,3
DA:35,3
DA:36,2
DA:37,4
DA:40,3
DA:43,4
DA:44,17
LF:19
LH:19
BRDA:8,0,0,2
BRDA:8,1,0,3
BRDA:10,2,0,2
BRDA:10,2,1,1
BRDA:12,3,0,1
BRDA:12,3,1,0
BRDA:12,4,0,1
BRDA:12,4,1,1
BRDA:12,4,2,1
BRDA:30,5,0,9
BRDA:30,5,1,1
BRDA:32,6,0,2
BRDA:32,6,1,7
BRDA:32,7,0,9
BRDA:32,7,1,7
BRDA:33,8,0,3
BRDA:33,8,1,4
BRDA:33,9,0,7
BRDA:33,9,1,3
BRDA:35,10,0,2
BRDA:35,10,1,1
BRDA:35,11,0,3
BRDA:35,11,1,3
BRF:23
BRH:22
end_of_record
