TN:
SF:src/index.ts
FN:17,(anonymous_0)
FN:19,(anonymous_1)
FN:24,(anonymous_2)
FN:31,(anonymous_3)
FNF:4
FNH:4
FNDA:9,(anonymous_0)
FNDA:9,(anonymous_1)
FNDA:4,(anonymous_2)
FNDA:17,(anonymous_3)
DA:17,1
DA:18,9
DA:19,9
DA:20,9
DA:21,7
DA:22,3
DA:23,3
DA:24,2
DA:25,4
DA:28,3
DA:31,4
DA:32,17
LF:12
LH:12
BRDA:18,0,0,9
BRDA:18,0,1,1
BRDA:20,1,0,2
BRDA:20,1,1,7
BRDA:20,2,0,9
BRDA:20,2,1,7
BRDA:21,3,0,3
BRDA:21,3,1,4
BRDA:21,4,0,7
BRDA:21,4,1,3
BRDA:23,5,0,2
BRDA:23,5,1,1
BRDA:23,6,0,3
BRDA:23,6,1,3
BRF:14
BRH:14
end_of_record
